							************************
									 s50_3_CoEvinit.out
							************************

Filename is s50_3_CoEvinit.out.

This file contains primary output for SIENA project <<s50_3_CoEvinit>>.

Date and time: 06/06/2017 2:09:58 AM 

SIENA version 1.1-232 (18 06 2013)

@1
Data input.
===========

2 observations,
90 actors,
1 dependent network variables,
0 dependent bipartite variables,
1 dependent behavior variables,
1 constant actor covariates,
0 exogenous changing actor covariates,
0 constant dyadic covariates,
0 exogenous changing dyadic covariates,
no files with times of composition change.

@2
Reading network variables.
--------------------------

Name of network variable: friendship.
oneMode network.
For observation moment 1, degree distributions are as follows:
Nodes
 1  2  3  4  5  6  7  8  9 10 11 12 13 14 15 16 17 18 19 20 
21 22 23 24 25 26 27 28 29 30 31 32 33 34 35 36 37 38 39 40 
41 42 43 44 45 46 47 48 49 50 51 52 53 54 55 56 57 58 59 60 
61 62 63 64 65 66 67 68 69 70 71 72 73 74 75 76 77 78 79 80 
81 82 83 84 85 86 87 88 89 90
out-degrees
 0  2  3  2  0  4  3  1  1  3  2  3  3  1  5  0  1  1  0  3 
 3  0  2  5  0  5  1  2  0  5  3  4  4  0  2  2  0  2  0  0 
 1  3  1  0  1  1  3  2  1  1  1  2  2  3  1  1  1  3  5  3 
 0  0  0  0  0  3  2  0  2  2  4  0  0  6  2  2  2  0  3  2 
 4  4  0  0  3  3  0  0  0  0
in-degrees
 0  2  3  2  0  4  3  1  1  3  2  3  3  1  5  0  1  1  0  3 
 3  0  2  5  0  5  1  2  0  5  3  4  4  0  2  2  0  2  0  0 
 1  3  1  0  1  1  3  2  1  1  1  2  2  3  1  1  1  3  5  3 
 0  0  0  0  0  3  2  0  2  2  4  0  0  6  2  2  2  0  3  2 
 4  4  0  0  3  3  0  0  0  0

No missing data for observation 1.

For observation moment 2, degree distributions are as follows:
Nodes
 1  2  3  4  5  6  7  8  9 10 11 12 13 14 15 16 17 18 19 20 
21 22 23 24 25 26 27 28 29 30 31 32 33 34 35 36 37 38 39 40 
41 42 43 44 45 46 47 48 49 50 51 52 53 54 55 56 57 58 59 60 
61 62 63 64 65 66 67 68 69 70 71 72 73 74 75 76 77 78 79 80 
81 82 83 84 85 86 87 88 89 90
out-degrees
 2  3  3  4  6  6  3  5  8  8  6  8  5  4  3  7  5  2  6  3 
 3  9 10  4  4  6  2  5  3  2  5  2  2  6  5  3  7  7  4  7 
10  5  6  9  3  7  6  3  1  4  5  3  4  4  4  2  3  4  3  3 
 2  2  3  1  7  4  7  4  5  2  5  2  7  0  2  5  2  2  3  3 
 5  2  5  3  1  4  1  2  1  2
in-degrees
 2  3  3  4  6  6  3  5  8  8  6  8  5  4  3  7  5  2  6  3 
 3  9 10  4  4  6  2  5  3  2  5  2  2  6  5  3  7  7  4  7 
10  5  6  9  3  7  6  3  1  4  5  3  4  4  4  2  3  4  3  3 
 2  2  3  1  7  4  7  4  5  2  5  2  7  0  2  5  2  2  3  3 
 5  2  5  3  1  4  1  2  1  2

No missing data for observation 2.


@2
Reading dependent actor variables.
----------------------------------

1st dependent actor variable named agr_act_beh.
Maximum and minimum rounded values are 1 and 6.


A total of 1 dependent actor variable.

Number of missing cases per observation:
 observation         1         2		overall
agr_act_beh          0         0         0	  ( 0.0 %)

Means per observation:
 observation         1         2		overall
agr_act_beh        1.633     1.367       1.5
@2
Reading constant actor covariates.
----------------------------------

1 variable, named:
agr_self_1      

A total of 1 non-changing individual covariate.

Number of missing cases:
agr_self_1      0 	( 0.0 %)

Information about covariates:
               minimum  maximum	  mean 
agr_self_1      1.0     7.0      2.311 
The mean value is subtracted from the covariate.




The mean structural dissimilarity value subtracted in the
balance calculations is         0.0385.

For the similarity variable calculated from each actor covariate,
the mean is subtracted.
These means are:
Similarity agr_self_1   :       0.7351 
Similarity agr_act_beh  :       0.8197 

For the distance-2 similarity variable calculated from each actor 
covariate, the mean is also subtracted.
 These means are:
Distance-2 Similarity agr_self_1  :  friendship
                                         0.8130
Distance-2 Similarity agr_act_beh :friendship  
                                         0.8618


@1
Initial data description.
=========================

@2
Change in networks:
-------------------

For the following statistics, missing values (if any) are not counted.
Both  observed networks are symmetric.
Therefore, it is assumed that this is an analysis of an non-directed relation.

Network density indicators:
observation time              1      2
density                    0.020  0.047
average degree             1.756  4.178
number of ties                79    188
missing fraction           0.000  0.000

The average degree is 2.967 


Edge changes between subsequent observations:
 periods        0 =>  0   0 =>  1   1 =>  0   1 =>  1   Distance Jaccard   Missing
  1 ==>  2      3738       188        79         0       534     0.000     0 (0%)

This means that in period  1 , proportionately less 1-ties stayed 1,
  than 0-ties became 1. A great reversal  of the network pattern!
 For some model specifications this may  lead to problems in estimation.

The distances reported in the output file for conditional estimation
 for the network variable refer to the total symmetric adjacency matrix,
 and therefore are double the distance reported above.)

Dyad Counts:
 observation    total    mutual    asymm.     null
     1.          8010      158         0      7852
     2.          8010      376         0      7634

Standard values for initial parameter values
-------------------------------------------------

basic rate parameter friendship        12.0015 
degree (density)                                  -1.5094 


@2
Dependent actor variables:
--------------------------

agr_act_beh 

@3
Marginal distribution
                     
             Observations
values               1     2
                ------------
  1                 54    70
  2                 22    13
  3                  9     2
  4                  4     4
  5                  0     1
  6                  1     0
No missings


@3
Changes
       
 periods    actors:  down   up   constant  missing  ;   steps:   down    up  total
  1  =>  2            27     9      54         0                   35    11    46

For this variable, the standard initial behavioral tendency parameter is  -0.3921

Initialisation of project <<s50_3_CoEvinit>> executed succesfully.
